<?xml version="1.0" encoding="UTF-8"?>
<testsuite xmlns:xsi="http://www.w3.org/2001/XMLSchema-instance" xsi:noNamespaceSchemaLocation="https://maven.apache.org/surefire/maven-surefire-plugin/xsd/surefire-test-report.xsd" version="3.0.2" name="com.akps.SpringHtmlApplicationTests" time="6.229" tests="1" errors="0" skipped="0" failures="0">
  <properties>
[...]
</properties>
  <testcase name="contextLoads" classname="com.akps.SpringHtmlApplicationTests" time="1.57">
    <system-out><![CDATA[14:15:31.846 [main] INFO org.springframework.test.context.support.AnnotationConfigContextLoaderUtils -- Could not detect default configuration classes for test class [com.akps.SpringHtmlApplicationTests]: SpringHtmlApplicationTests does not declare any static, non-private, non-final, nested classes annotated with @Configuration.
14:15:32.092 [main] INFO org.springframework.boot.test.context.SpringBootTestContextBootstrapper -- Found @SpringBootConfiguration com.akps.SpringHtmlApplication for test class com.akps.SpringHtmlApplicationTests
14:15:32.415 [main] INFO org.springframework.boot.devtools.restart.RestartApplicationListener -- Restart disabled due to context in which it is running

  .   ____          _            __ _ _
 /\\ / ___'_ __ _ _(_)_ __  __ _ \ \ \ \
( ( )\___ | '_ | '_| | '_ \/ _` | \ \ \ \
 \\/  ___)| |_)| | | | | || (_| |  ) ) ) )
  '  |____| .__|_| |_|_| |_\__, | / / / /
 =========|_|==============|___/=/_/_/_/

 :: Spring Boot ::                (v3.4.1)

2025-10-15T14:15:33.236+06:30  INFO 6632 --- [Spring-Html] [           main] com.akps.SpringHtmlApplicationTests      : Starting SpringHtmlApplicationTests using Java 21.0.8 with PID 6632 (started by Linux Lab in E:\Module 02\Spring-Html)
2025-10-15T14:15:33.244+06:30  INFO 6632 --- [Spring-Html] [           main] com.akps.SpringHtmlApplicationTests      : No active profile set, falling back to 1 default profile: "default"
2025-10-15T14:15:36.067+06:30  INFO 6632 --- [Spring-Html] [           main] com.akps.SpringHtmlApplicationTests      : Started SpringHtmlApplicationTests in 3.675 seconds (process running for 6.241)
]]></system-out>
    <system-err><![CDATA[Mockito is currently self-attaching to enable the inline-mock-maker. This will no longer work in future releases of the JDK. Please add Mockito as an agent to your build what is described in Mockito's documentation: https://javadoc.io/doc/org.mockito/mockito-core/latest/org/mockito/Mockito.html#0.3
WARNING: A Java agent has been loaded dynamically (C:\Users\Linux Lab\.m2\repository\net\bytebuddy\byte-buddy-agent\1.15.11\byte-buddy-agent-1.15.11.jar)
WARNING: If a serviceability tool is in use, please run with -XX:+EnableDynamicAgentLoading to hide this warning
WARNING: If a serviceability tool is not in use, please run with -Djdk.instrument.traceUsage for more information
WARNING: Dynamic loading of agents will be disallowed by default in a future release
]]></system-err>
  </testcase>
</testsuite>